app/build/intermediates/manifest_merge_blame_file/debug/manifest-merger-blame-debug-report.txt
1<?xml version="1.0" encoding="utf-8"?>
2<manifest xmlns:android="http://schemas.android.com/apk/res/android"
3    package="com.codebuildersapp.release1"
4    android:versionCode="1"
5    android:versionName="1.0" >
6
7    <uses-sdk
8        android:minSdkVersion="22"
8-->src\main\AndroidManifest.xml
9        android:targetSdkVersion="29" />
9-->src\main\AndroidManifest.xml
10
11    <uses-permission android:name="android.permission.INTERNET" />
11-->src\main\AndroidManifest.xml:34:5-67
11-->src\main\AndroidManifest.xml:34:22-64
12    <uses-permission android:name="android.permission.READ_EXTERNAL_STORAGE" />
12-->src\main\AndroidManifest.xml:35:5-80
12-->src\main\AndroidManifest.xml:35:22-77
13    <uses-permission android:name="android.permission.WRITE_EXTERNAL_STORAGE" />
13-->src\main\AndroidManifest.xml:36:5-81
13-->src\main\AndroidManifest.xml:36:22-78
14
15    <application
15-->src\main\AndroidManifest.xml:6:5-33:19
16        android:allowBackup="true"
16-->src\main\AndroidManifest.xml:7:9-35
17        android:appComponentFactory="androidx.core.app.CoreComponentFactory"
17-->[androidx.core:core:1.3.1] AndroidManifest.xml:24:18-86
18        android:debuggable="true"
19        android:icon="@mipmap/ic_launcher"
19-->src\main\AndroidManifest.xml:8:9-43
20        android:label="@string/app_name"
20-->src\main\AndroidManifest.xml:9:9-41
21        android:roundIcon="@mipmap/ic_launcher_round"
21-->src\main\AndroidManifest.xml:10:9-54
22        android:supportsRtl="true"
22-->src\main\AndroidManifest.xml:11:9-35
23        android:testOnly="true"
24        android:theme="@style/AppTheme" >
24-->src\main\AndroidManifest.xml:12:9-40
25        <activity
25-->src\main\AndroidManifest.xml:13:9-15:58
26            android:name="com.codebuildersapp.release1.browserActivity"
26-->src\main\AndroidManifest.xml:14:13-44
27            android:parentActivityName="com.codebuildersapp.release1.CodeActivity" />
27-->src\main\AndroidManifest.xml:15:13-55
28        <activity
28-->src\main\AndroidManifest.xml:16:9-20:26
29            android:name="com.codebuildersapp.release1.CodeActivity"
29-->src\main\AndroidManifest.xml:17:13-41
30            android:parentActivityName="com.codebuildersapp.release1.MainScreen"
30-->src\main\AndroidManifest.xml:18:13-53
31            android:requestLegacyExternalStorage="true" >
31-->src\main\AndroidManifest.xml:19:13-56
32        </activity>
33        <activity
33-->src\main\AndroidManifest.xml:21:9-32:20
34            android:name="com.codebuildersapp.release1.MainScreen"
34-->src\main\AndroidManifest.xml:22:13-39
35            android:label="@string/app_name"
35-->src\main\AndroidManifest.xml:23:13-45
36            android:requestLegacyExternalStorage="true"
36-->src\main\AndroidManifest.xml:25:13-56
37            android:theme="@style/AppTheme" >
37-->src\main\AndroidManifest.xml:24:13-44
38            <intent-filter>
38-->src\main\AndroidManifest.xml:27:13-31:29
39                <action android:name="android.intent.action.MAIN" />
39-->src\main\AndroidManifest.xml:28:17-69
39-->src\main\AndroidManifest.xml:28:25-66
40
41                <category android:name="android.intent.category.LAUNCHER" />
41-->src\main\AndroidManifest.xml:30:17-77
41-->src\main\AndroidManifest.xml:30:27-74
42            </intent-filter>
43        </activity>
44    </application>
45
46</manifest>